<?xml version="1.0" encoding="UTF-8"?>
<!-- Generated by org.testng.reporters.JUnitXMLReporter -->
<testsuite ignored="0" hostname="HAIDAR" failures="1" tests="1" name="Default test" time="2.879" errors="0" timestamp="2025-04-05T22:09:33 IST">
  <testcase classname="io.cucumber.testng.AbstractTestNGCucumberTests" name="runScenario" time="2.089">
    <failure type="java.lang.NullPointerException" message="Cannot invoke &amp;quot;com.aventstack.extentreports.ExtentReports.createTest(String)&amp;quot; because &amp;quot;org.haidar.cucumberbdd.StepDefinitions.extent&amp;quot; is null">
      <![CDATA[java.lang.NullPointerException: Cannot invoke "com.aventstack.extentreports.ExtentReports.createTest(String)" because "org.haidar.cucumberbdd.StepDefinitions.extent" is null
at org.haidar.cucumberbdd.StepDefinitions.initializeTest(StepDefinitions.java:31)
]]>
    </failure>
  </testcase> <!-- runScenario -->
</testsuite> <!-- Default test -->
