<?xml version="1.0" encoding="UTF-8"?>
<testsuite xmlns:xsi="http://www.w3.org/2001/XMLSchema-instance" xsi:noNamespaceSchemaLocation="https://maven.apache.org/surefire/maven-surefire-plugin/xsd/surefire-test-report.xsd" version="3.0.1" name="Login Functionality #2" time="9.041" tests="2" errors="0" skipped="0" failures="1">
  <properties>
[...]
</properties>
  <testcase name="Successful login with valid credentials" classname="Login Functionality #2" time="6.275">
    <system-out><![CDATA[
Scenario: Successful login with valid credentials                 &amp#27;[90m# src/test/resources/featuresToBeRunInParallel/login.feature:3&amp#27;[0m
  &amp#27;[32mGiven &amp#27;[0m&amp#27;[32mI am on the login page&amp#27;[0m                                    &amp#27;[90m# org.haidar.cucumberbdd.StepDefinitions.i_am_on_the_login_page()&amp#27;[0m
Logging: Entering text 'visual_user' into element: [[ChromeDriver: chrome on windows (ba308a37f638b776c0f29c3022ab7fd0)] -> id: user-name]
Logging: Entering text 'secret_sauce' into element: [[ChromeDriver: chrome on windows (ba308a37f638b776c0f29c3022ab7fd0)] -> id: password]
  &amp#27;[32mWhen &amp#27;[0m&amp#27;[32mI enter username &amp#27;[0m&amp#27;[32m&amp#27;[1m"visual_user"&amp#27;[0m&amp#27;[32m and password &amp#27;[0m&amp#27;[32m&amp#27;[1m"secret_sauce"&amp#27;[0m &amp#27;[90m# org.haidar.cucumberbdd.StepDefinitions.i_enter_username_and_password(java.lang.String,java.lang.String)&amp#27;[0m
  &amp#27;[32mThen &amp#27;[0m&amp#27;[32mI click the login button&amp#27;[0m                                   &amp#27;[90m# org.haidar.cucumberbdd.StepDefinitions.i_click_the_login_button()&amp#27;[0m
]]></system-out>
    <system-err><![CDATA[Mar 29, 2025 12:27:40 PM org.openqa.selenium.devtools.CdpVersionFinder findNearestMatch
WARNING: Unable to find CDP implementation matching 134
Mar 29, 2025 12:27:40 PM org.openqa.selenium.chromium.ChromiumDriver lambda$new$5
WARNING: Unable to find version of CDP to use for 134.0.6998.119. You may need to include a dependency on a specific version of the CDP using something similar to `org.seleniumhq.selenium:selenium-devtools-v86:4.18.1` where the version ("v86") matches the version of the chromium-based browser you're using and the version number of the artifact is the same as Selenium's.
]]></system-err>
  </testcase>
  <testcase name="UnSuccessful login with valid credentials" classname="Login Functionality #2" time="2.766">
    <failure type="java.lang.AssertionError"><![CDATA[java.lang.AssertionError
	at org.junit.Assert.fail(Assert.java:87)
	at org.junit.Assert.assertTrue(Assert.java:42)
	at org.junit.Assert.assertFalse(Assert.java:65)
	at org.junit.Assert.assertFalse(Assert.java:75)
	at org.haidar.cucumberbdd.StepDefinitions.i_click_the_login_button(StepDefinitions.java:91)
	at ✽.I click the login button(file:///D:/EclipseSoftware/cucumberbdd/src/test/resources/featuresToBeRunInParallel/login.feature:11)
]]></failure>
    <system-out><![CDATA[
Scenario: UnSuccessful login with valid credentials                &amp#27;[90m# src/test/resources/featuresToBeRunInParallel/login.feature:8&amp#27;[0m
  &amp#27;[32mGiven &amp#27;[0m&amp#27;[32mI am on the login page&amp#27;[0m                                     &amp#27;[90m# org.haidar.cucumberbdd.StepDefinitions.i_am_on_the_login_page()&amp#27;[0m
Logging: Entering text 'visual_user' into element: [[ChromeDriver: chrome on windows (b61f7651af91790689287ee5333b137d)] -> id: user-name]
Logging: Entering text 'secret_saucex' into element: [[ChromeDriver: chrome on windows (b61f7651af91790689287ee5333b137d)] -> id: password]
  &amp#27;[32mWhen &amp#27;[0m&amp#27;[32mI enter username &amp#27;[0m&amp#27;[32m&amp#27;[1m"visual_user"&amp#27;[0m&amp#27;[32m and password &amp#27;[0m&amp#27;[32m&amp#27;[1m"secret_saucex"&amp#27;[0m &amp#27;[90m# org.haidar.cucumberbdd.StepDefinitions.i_enter_username_and_password(java.lang.String,java.lang.String)&amp#27;[0m
  &amp#27;[31mThen &amp#27;[0m&amp#27;[31mI click the login button&amp#27;[0m                                    &amp#27;[90m# org.haidar.cucumberbdd.StepDefinitions.i_click_the_login_button()&amp#27;[0m
      &amp#27;[31mjava.lang.AssertionError
	at org.junit.Assert.fail(Assert.java:87)
	at org.junit.Assert.assertTrue(Assert.java:42)
	at org.junit.Assert.assertFalse(Assert.java:65)
	at org.junit.Assert.assertFalse(Assert.java:75)
	at org.haidar.cucumberbdd.StepDefinitions.i_click_the_login_button(StepDefinitions.java:91)
	at âœ½.I click the login button(file:///D:/EclipseSoftware/cucumberbdd/src/test/resources/featuresToBeRunInParallel/login.feature:11)
&amp#27;[0m
]]></system-out>
    <system-err><![CDATA[Mar 29, 2025 12:27:45 PM org.openqa.selenium.devtools.CdpVersionFinder findNearestMatch
WARNING: Unable to find CDP implementation matching 134
Mar 29, 2025 12:27:45 PM org.openqa.selenium.chromium.ChromiumDriver lambda$new$5
WARNING: Unable to find version of CDP to use for 134.0.6998.119. You may need to include a dependency on a specific version of the CDP using something similar to `org.seleniumhq.selenium:selenium-devtools-v86:4.18.1` where the version ("v86") matches the version of the chromium-based browser you're using and the version number of the artifact is the same as Selenium's.
]]></system-err>
  </testcase>
</testsuite>