<?xml version="1.0" encoding="UTF-8"?>
<testsuite xmlns:xsi="http://www.w3.org/2001/XMLSchema-instance" xsi:noNamespaceSchemaLocation="https://maven.apache.org/surefire/maven-surefire-plugin/xsd/surefire-test-report.xsd" version="3.0.1" name="TestSuite" time="8.972" tests="3" errors="0" skipped="0" failures="1">
  <properties>
[...]
</properties>
  <testcase name="runScenario[&quot;Successful login with valid credentials&quot;, &quot;Login Functionality&quot;](3)" classname="org.haidar.cucumberbdd.TestNGRunner" time="6.314">
    <system-out><![CDATA[I am in before suite

@TestNG
Scenario: verify google Search              &amp#27;[90m# src/test/resources/featuresToBeRunInParallel/GoogleSearch.feature:4&amp#27;[0m

@TestNG
Scenario: UnSuccessful login with valid credentials                &amp#27;[90m# src/test/resources/featuresToBeRunInParallel/login.feature:10&amp#27;[0m

@TestNG
Scenario: Successful login with valid credentials                 &amp#27;[90m# src/test/resources/featuresToBeRunInParallel/login.feature:4&amp#27;[0m
  &amp#27;[32mGiven &amp#27;[0m&amp#27;[32mI am on the login page&amp#27;[0m                                     &amp#27;[90m# org.haidar.cucumberbdd.StepDefinitions.i_am_on_the_login_page()&amp#27;[0m
Logging: Entering text 'visual_user' into element: [[ChromeDriver: chrome on windows (f69c3867afd0766f4bc11ba23abfaa72)] -> id: user-name]
Logging: Entering text 'secret_saucex' into element: [[ChromeDriver: chrome on windows (f69c3867afd0766f4bc11ba23abfaa72)] -> id: password]
  &amp#27;[32mGiven &amp#27;[0m&amp#27;[32mI am on the login page&amp#27;[0m                                    &amp#27;[90m# org.haidar.cucumberbdd.StepDefinitions.i_am_on_the_login_page()&amp#27;[0m
  &amp#27;[32mWhen &amp#27;[0m&amp#27;[32mI enter username &amp#27;[0m&amp#27;[32m&amp#27;[1m"visual_user"&amp#27;[0m&amp#27;[32m and password &amp#27;[0m&amp#27;[32m&amp#27;[1m"secret_saucex"&amp#27;[0m &amp#27;[90m# org.haidar.cucumberbdd.StepDefinitions.i_enter_username_and_password(java.lang.String,java.lang.String)&amp#27;[0m
Logging: Entering text 'visual_user' into element: [[ChromeDriver: chrome on windows (249e8c9a208c57ace81f05b275a2e6a5)] -> id: user-name]
Logging: Entering text 'secret_sauce' into element: [[ChromeDriver: chrome on windows (249e8c9a208c57ace81f05b275a2e6a5)] -> id: password]
  &amp#27;[31mThen &amp#27;[0m&amp#27;[31mI click the login button&amp#27;[0m                                    &amp#27;[90m# org.haidar.cucumberbdd.StepDefinitions.i_click_the_login_button()&amp#27;[0m
      &amp#27;[31mjava.lang.AssertionError
	at org.junit.Assert.fail(Assert.java:87)
	at org.junit.Assert.assertTrue(Assert.java:42)
	at org.junit.Assert.assertFalse(Assert.java:65)
	at org.junit.Assert.assertFalse(Assert.java:75)
	at org.haidar.cucumberbdd.StepDefinitions.i_click_the_login_button(StepDefinitions.java:89)
	at âœ½.I click the login button(file:///D:/EclipseSoftware/cucumberbddwithTestNG/src/test/resources/featuresToBeRunInParallel/login.feature:13)
&amp#27;[0m
  &amp#27;[32mWhen &amp#27;[0m&amp#27;[32mI enter username &amp#27;[0m&amp#27;[32m&amp#27;[1m"visual_user"&amp#27;[0m&amp#27;[32m and password &amp#27;[0m&amp#27;[32m&amp#27;[1m"secret_sauce"&amp#27;[0m &amp#27;[90m# org.haidar.cucumberbdd.StepDefinitions.i_enter_username_and_password(java.lang.String,java.lang.String)&amp#27;[0m
  &amp#27;[32mGiven &amp#27;[0m&amp#27;[32mI am on the google page&amp#27;[0m             &amp#27;[90m# org.haidar.cucumberbdd.StepDefinitions.i_am_on_the_google_page()&amp#27;[0m
Logging: Entering text 'selenium' into element: [[ChromeDriver: chrome on windows (7af452152f11e80fbb32d997819656fd)] -> name: q]
  &amp#27;[32mWhen &amp#27;[0m&amp#27;[32mI enter username &amp#27;[0m&amp#27;[32m&amp#27;[1m"selenium"&amp#27;[0m          &amp#27;[90m# org.haidar.cucumberbdd.StepDefinitions.i_enter_username(java.lang.String)&amp#27;[0m
  &amp#27;[32mThen &amp#27;[0m&amp#27;[32mI click the enter button from keypad&amp#27;[0m &amp#27;[90m# org.haidar.cucumberbdd.StepDefinitions.i_click_the_login_enter_from_keypad()&amp#27;[0m
  &amp#27;[32mThen &amp#27;[0m&amp#27;[32mI click the login button&amp#27;[0m                                   &amp#27;[90m# org.haidar.cucumberbdd.StepDefinitions.i_click_the_login_button()&amp#27;[0m
]]></system-out>
    <system-err><![CDATA[SLF4J: Failed to load class "org.slf4j.impl.StaticLoggerBinder".
SLF4J: Defaulting to no-operation (NOP) logger implementation
SLF4J: See http://www.slf4j.org/codes.html#StaticLoggerBinder for further details.
Mar 29, 2025 11:06:36 PM org.openqa.selenium.devtools.CdpVersionFinder findNearestMatch
WARNING: Unable to find CDP implementation matching 134
Mar 29, 2025 11:06:36 PM org.openqa.selenium.devtools.CdpVersionFinder findNearestMatch
WARNING: Unable to find CDP implementation matching 134
Mar 29, 2025 11:06:36 PM org.openqa.selenium.devtools.CdpVersionFinder findNearestMatch
WARNING: Unable to find CDP implementation matching 134
Mar 29, 2025 11:06:36 PM org.openqa.selenium.chromium.ChromiumDriver lambda$new$5
WARNING: Unable to find version of CDP to use for 134.0.6998.119. You may need to include a dependency on a specific version of the CDP using something similar to `org.seleniumhq.selenium:selenium-devtools-v86:4.18.1` where the version ("v86") matches the version of the chromium-based browser you're using and the version number of the artifact is the same as Selenium's.
Mar 29, 2025 11:06:36 PM org.openqa.selenium.chromium.ChromiumDriver lambda$new$5
WARNING: Unable to find version of CDP to use for 134.0.6998.119. You may need to include a dependency on a specific version of the CDP using something similar to `org.seleniumhq.selenium:selenium-devtools-v86:4.18.1` where the version ("v86") matches the version of the chromium-based browser you're using and the version number of the artifact is the same as Selenium's.
Mar 29, 2025 11:06:36 PM org.openqa.selenium.chromium.ChromiumDriver lambda$new$5
WARNING: Unable to find version of CDP to use for 134.0.6998.119. You may need to include a dependency on a specific version of the CDP using something similar to `org.seleniumhq.selenium:selenium-devtools-v86:4.18.1` where the version ("v86") matches the version of the chromium-based browser you're using and the version number of the artifact is the same as Selenium's.
]]></system-err>
  </testcase>
  <testcase name="runScenario[&quot;verify google Search&quot;, &quot;Login Functionality&quot;](3)" classname="org.haidar.cucumberbdd.TestNGRunner" time="6.317"/>
  <testcase name="runScenario[&quot;UnSuccessful login with valid credentials&quot;, &quot;Login Functionality&quot;](3)" classname="org.haidar.cucumberbdd.TestNGRunner" time="6.336">
    <failure type="java.lang.AssertionError"><![CDATA[java.lang.AssertionError
	at org.junit.Assert.fail(Assert.java:87)
	at org.junit.Assert.assertTrue(Assert.java:42)
	at org.junit.Assert.assertFalse(Assert.java:65)
	at org.junit.Assert.assertFalse(Assert.java:75)
	at org.haidar.cucumberbdd.StepDefinitions.i_click_the_login_button(StepDefinitions.java:89)
	at ✽.I click the login button(file:///D:/EclipseSoftware/cucumberbddwithTestNG/src/test/resources/featuresToBeRunInParallel/login.feature:13)
]]></failure>
  </testcase>
</testsuite>