<?xml version="1.0" encoding="UTF-8"?>
<testng-results ignored="0" total="1" passed="0" failed="1" skipped="0">
  <reporter-output>
  </reporter-output>
  <suite started-at="2025-04-05T22:09:30 IST" name="Default suite" finished-at="2025-04-05T22:09:33 IST" duration-ms="2879">
    <groups>
      <group name="cucumber">
        <method signature="AbstractTestNGCucumberTests.runScenario(io.cucumber.testng.PickleWrapper,io.cucumber.testng.FeatureWrapper)[pri:0, instance:org.haidar.cucumberbdd.FailedTestRunner@6f4a47c7]" name="runScenario" class="io.cucumber.testng.AbstractTestNGCucumberTests"/>
      </group> <!-- cucumber -->
    </groups>
    <test started-at="2025-04-05T22:09:30 IST" name="Default test" finished-at="2025-04-05T22:09:33 IST" duration-ms="2879">
      <class name="org.haidar.cucumberbdd.FailedTestRunner">
        <test-method is-config="true" signature="beforeSuite()[pri:0, instance:org.haidar.cucumberbdd.FailedTestRunner@6f4a47c7]" started-at="2025-04-05T22:09:30 IST" name="beforeSuite" finished-at="2025-04-05T22:09:30 IST" duration-ms="14" status="PASS">
          <reporter-output>
          </reporter-output>
        </test-method> <!-- beforeSuite -->
        <test-method is-config="true" signature="setUpClass(org.testng.ITestContext)[pri:0, instance:org.haidar.cucumberbdd.FailedTestRunner@6f4a47c7]" started-at="2025-04-05T22:09:30 IST" name="setUpClass" finished-at="2025-04-05T22:09:31 IST" duration-ms="332" status="PASS">
          <params>
            <param index="0">
              <value>
                <![CDATA[org.testng.TestRunner@79da1ec0]]>
              </value>
            </param>
          </params>
          <reporter-output>
          </reporter-output>
        </test-method> <!-- setUpClass -->
        <test-method is-config="true" signature="setUpExtentReport()[pri:0, instance:org.haidar.cucumberbdd.FailedTestRunner@6f4a47c7]" started-at="2025-04-05T22:09:31 IST" name="setUpExtentReport" finished-at="2025-04-05T22:09:31 IST" duration-ms="400" status="PASS">
          <reporter-output>
          </reporter-output>
        </test-method> <!-- setUpExtentReport -->
        <test-method signature="runScenario(io.cucumber.testng.PickleWrapper,io.cucumber.testng.FeatureWrapper)[pri:0, instance:org.haidar.cucumberbdd.FailedTestRunner@6f4a47c7]" started-at="2025-04-05T22:09:31 IST" name="runScenario" description="Runs Cucumber Scenarios" data-provider="scenarios" finished-at="2025-04-05T22:09:33 IST" duration-ms="2089" status="FAIL">
          <params>
            <param index="0">
              <value>
                <![CDATA["UnSuccessful login with valid credentials"]]>
              </value>
            </param>
            <param index="1">
              <value>
                <![CDATA["Login Functionality"]]>
              </value>
            </param>
          </params>
          <exception class="java.lang.NullPointerException">
            <message>
              <![CDATA[Cannot invoke "com.aventstack.extentreports.ExtentReports.createTest(String)" because "org.haidar.cucumberbdd.StepDefinitions.extent" is null]]>
            </message>
            <full-stacktrace>
              <![CDATA[java.lang.NullPointerException: Cannot invoke "com.aventstack.extentreports.ExtentReports.createTest(String)" because "org.haidar.cucumberbdd.StepDefinitions.extent" is null
at org.haidar.cucumberbdd.StepDefinitions.initializeTest(StepDefinitions.java:31)
]]>
            </full-stacktrace>
          </exception> <!-- java.lang.NullPointerException -->
          <reporter-output>
          </reporter-output>
        </test-method> <!-- runScenario -->
        <test-method is-config="true" signature="afterClass()[pri:0, instance:org.haidar.cucumberbdd.FailedTestRunner@6f4a47c7]" started-at="2025-04-05T22:09:33 IST" name="afterClass" finished-at="2025-04-05T22:09:33 IST" duration-ms="0" status="PASS">
          <reporter-output>
          </reporter-output>
        </test-method> <!-- afterClass -->
        <test-method is-config="true" signature="tearDownClass()[pri:0, instance:org.haidar.cucumberbdd.FailedTestRunner@6f4a47c7]" started-at="2025-04-05T22:09:33 IST" name="tearDownClass" finished-at="2025-04-05T22:09:33 IST" duration-ms="3" status="PASS">
          <reporter-output>
          </reporter-output>
        </test-method> <!-- tearDownClass -->
        <test-method is-config="true" signature="afterSuite()[pri:0, instance:org.haidar.cucumberbdd.FailedTestRunner@6f4a47c7]" started-at="2025-04-05T22:09:33 IST" name="afterSuite" finished-at="2025-04-05T22:09:33 IST" duration-ms="0" status="PASS">
          <reporter-output>
          </reporter-output>
        </test-method> <!-- afterSuite -->
      </class> <!-- org.haidar.cucumberbdd.FailedTestRunner -->
    </test> <!-- Default test -->
  </suite> <!-- Default suite -->
</testng-results>
